#
# A fatal error has been detected by the Java Runtime Environment:
#
#  Internal Error (javaClasses.cpp:126), pid=848, tid=5336
#  fatal error: Invalid layout of preloaded class
#
# JRE version:  (8.0_25-b18) (build )
# Java VM: Java HotSpot(TM) 64-Bit Server VM (25.25-b02 mixed mode windows-amd64 compressed oops)
# Failed to write core dump. Minidumps are not enabled by default on client versions of Windows
#
# If you would like to submit a bug report, please visit:
#   http://bugreport.sun.com/bugreport/crash.jsp
#

---------------  T H R E A D  ---------------

Current thread (0x000000000013d800):  JavaThread "Unknown thread" [_thread_in_vm, id=5336, stack(0x0000000002440000,0x0000000002540000)]

Stack: [0x0000000002440000,0x0000000002540000]
Native frames: (J=compiled Java code, j=interpreted, Vv=VM code, C=native code)
V  [jvm.dll+0x31667a]
V  [jvm.dll+0x267073]
V  [jvm.dll+0x267cb3]
V  [jvm.dll+0x25f536]
V  [jvm.dll+0x5e773]
V  [jvm.dll+0x5e863]
V  [jvm.dll+0x731ca]
V  [jvm.dll+0x73528]
V  [jvm.dll+0xe48b7]
V  [jvm.dll+0xe4c46]
V  [jvm.dll+0x1f9ae7]
V  [jvm.dll+0x22b2e4]
V  [jvm.dll+0x14d571]
C  [javaw.exe+0x20c6]
C  [javaw.exe+0xc9eb]
C  [javaw.exe+0xca7f]
C  [kernel32.dll+0x159cd]
C  [ntdll.dll+0x2b981]


---------------  P R O C E S S  ---------------

Java Threads: ( => current thread )

Other Threads:

=>0x000000000013d800 (exited) JavaThread "Unknown thread" [_thread_in_vm, id=5336, stack(0x0000000002440000,0x0000000002540000)]

VM state:not at safepoint (not fully initialized)

VM Mutex/Monitor currently owned by a thread: None

GC Heap History (0 events):
No events

Deoptimization events (0 events):
No events

Internal exceptions (0 events):
No events

Events (10 events):
Event: 0.067 loading class java/lang/CharSequence done
Event: 0.067 loading class java/lang/String done
Event: 0.067 loading class java/lang/Class
Event: 0.077 loading class java/lang/reflect/AnnotatedElement
Event: 0.077 loading class java/lang/reflect/AnnotatedElement done
Event: 0.077 loading class java/lang/reflect/GenericDeclaration
Event: 0.077 loading class java/lang/reflect/GenericDeclaration done
Event: 0.077 loading class java/lang/reflect/Type
Event: 0.078 loading class java/lang/reflect/Type done
Event: 0.078 loading class java/lang/Class done


Dynamic libraries:
0x000000013f830000 - 0x000000013f864000 	C:\Program Files\Java\jdk1.8.0_25\bin\javaw.exe
0x00000000774c0000 - 0x0000000077669000 	C:\windows\SYSTEM32\ntdll.dll
0x00000000773a0000 - 0x00000000774bf000 	C:\windows\system32\kernel32.dll
0x000007fefd410000 - 0x000007fefd47c000 	C:\windows\system32\KERNELBASE.dll
0x000007fefde60000 - 0x000007fefdf3b000 	C:\windows\system32\ADVAPI32.dll
0x000007fefd9f0000 - 0x000007fefda8f000 	C:\windows\system32\msvcrt.dll
0x000007fefe8f0000 - 0x000007fefe90f000 	C:\windows\SYSTEM32\sechost.dll
0x000007fefe790000 - 0x000007fefe8bd000 	C:\windows\system32\RPCRT4.dll
0x00000000772a0000 - 0x000000007739a000 	C:\windows\system32\USER32.dll
0x000007fefe930000 - 0x000007fefe997000 	C:\windows\system32\GDI32.dll
0x000007fefd9e0000 - 0x000007fefd9ee000 	C:\windows\system32\LPK.dll
0x000007fefdf40000 - 0x000007fefe009000 	C:\windows\system32\USP10.dll
0x000007fefb880000 - 0x000007fefba74000 	C:\windows\WinSxS\amd64_microsoft.windows.common-controls_6595b64144ccf1df_6.0.7601.18837_none_fa3b1e3d17594757\COMCTL32.dll
0x000007fefd690000 - 0x000007fefd701000 	C:\windows\system32\SHLWAPI.dll
0x000007fefe8c0000 - 0x000007fefe8ee000 	C:\windows\system32\IMM32.DLL
0x000007fefdaf0000 - 0x000007fefdbf9000 	C:\windows\system32\MSCTF.dll
0x000007fefd1a0000 - 0x000007fefd1d1000 	C:\Windows\system32\nvinitx.dll
0x000000000f000000 - 0x000000000f006000 	C:\Program Files\NVIDIA Corporation\CoProcManager\_etoured.dll
0x000007fefa1d0000 - 0x000007fefa22f000 	C:\Program Files\NVIDIA Corporation\CoProcManager\nvd3d9wrapx.dll
0x000007fefe240000 - 0x000007fefe417000 	C:\windows\system32\SETUPAPI.dll
0x000007fefd4b0000 - 0x000007fefd4e6000 	C:\windows\system32\CFGMGR32.dll
0x000007fefe4a0000 - 0x000007fefe577000 	C:\windows\system32\OLEAUT32.dll
0x000007fefe580000 - 0x000007fefe783000 	C:\windows\system32\ole32.dll
0x000007fefd530000 - 0x000007fefd54a000 	C:\windows\system32\DEVOBJ.dll
0x000007fefa180000 - 0x000007fefa1c6000 	C:\Program Files\NVIDIA Corporation\CoProcManager\nvdxgiwrapx.dll
0x0000000063ba0000 - 0x0000000063c72000 	C:\Program Files\Java\jdk1.8.0_25\jre\bin\msvcr100.dll
0x000000005eaa0000 - 0x000000005f2fa000 	C:\Program Files\Java\jdk1.8.0_25\jre\bin\server\jvm.dll
0x000007feecaf0000 - 0x000007feecaf9000 	C:\windows\system32\WSOCK32.dll
0x000007fefda90000 - 0x000007fefdadd000 	C:\windows\system32\WS2_32.dll
0x000007fefdae0000 - 0x000007fefdae8000 	C:\windows\system32\NSI.dll
0x000007fefa0a0000 - 0x000007fefa0db000 	C:\windows\system32\WINMM.dll
0x0000000077680000 - 0x0000000077687000 	C:\windows\system32\PSAPI.DLL
0x0000000073620000 - 0x000000007362f000 	C:\Program Files\Java\jdk1.8.0_25\jre\bin\verify.dll
0x00000000735b0000 - 0x00000000735d8000 	C:\Program Files\Java\jdk1.8.0_25\jre\bin\java.dll
0x0000000073590000 - 0x00000000735a6000 	C:\Program Files\Java\jdk1.8.0_25\jre\bin\zip.dll
0x000007fee7d30000 - 0x000007fee7e55000 	C:\windows\system32\dbghelp.dll

VM Arguments:
jvm_args: -Dfile.encoding=GBK -Xbootclasspath:D:\sdk\platforms\android-22\android.jar 
java_command: com.example.first.MainActivity
java_class_path (initial): F:\GuanJingJing\guanjingjing\day4\First\bin\classes;F:\GuanJingJing\guanjingjing\day4\First\libs\android-support-v4.jar;F:\GuanJingJing\guanjingjing\day4\appcompat_v7\libs\android-support-v7-appcompat.jar;F:\GuanJingJing\guanjingjing\day4\appcompat_v7\bin\appcompat_v7.jar
Launcher Type: SUN_STANDARD

Environment Variables:
JAVA_HOME=C:\Program Files\Java\jdk1.8.0_25
CLASSPATH=.;C:\Program Files\Java\jdk1.8.0_25\lib;C:\Program Files\Java\jdk1.8.0_25\lib\tools.jar
PATH=C:/Program Files/Java/jdk1.8.0_25/bin/../jre/bin/server;C:/Program Files/Java/jdk1.8.0_25/bin/../jre/bin;C:/Program Files/Java/jdk1.8.0_25/bin/../jre/lib/amd64;C:D:\sdk\tools;\ProgramData\Oracle\Java\javapath;C:\windows\system32;C:\windows;C:\windows\System32\Wbem;C:\windows\System32\WindowsPowerShell\v1.0\;C:\Program Files (x86)\Intel\OpenCL SDK\2.0\bin\x86;C:\Program Files (x86)\Intel\OpenCL SDK\2.0\bin\x64;C:\Program Files\Java\jdk1.8.0_25\bin;C:\Program Files\Java\jdk1.8.0_25\jre\bin;D:\Program Files\wamp\bin\php\php5.5.12;D:\wamp\bin\php\php5.5.12;D:\Program Files\adt-bundle-windows-x86_64-20140702\eclipse;
USERNAME=GJJ
OS=Windows_NT
PROCESSOR_IDENTIFIER=Intel64 Family 6 Model 58 Stepping 9, GenuineIntel



---------------  S Y S T E M  ---------------

OS: Windows 7 , 64 bit Build 7601 Service Pack 1

CPU:total 4 (2 cores per cpu, 2 threads per core) family 6 model 58 stepping 9, cmov, cx8, fxsr, mmx, sse, sse2, sse3, ssse3, sse4.1, sse4.2, popcnt, avx, aes, clmul, erms, ht, tsc, tscinvbit, tscinv

Memory: 4k page, physical 4070508k(908876k free), swap 8139180k(3157064k free)

vm_info: Java HotSpot(TM) 64-Bit Server VM (25.25-b02) for windows-amd64 JRE (1.8.0_25-b18), built on Oct  7 2014 14:25:37 by "java_re" with MS VC++ 10.0 (VS2010)

time: Thu Jul 09 15:35:49 2015
elapsed time: 0 seconds (0d 0h 0m 0s)

